<?xml version="1.0" encoding="UTF-8"?>
<testsuite xmlns:xsi="http://www.w3.org/2001/XMLSchema-instance" xsi:noNamespaceSchemaLocation="https://maven.apache.org/surefire/maven-surefire-plugin/xsd/surefire-test-report-3.0.xsd" version="3.0" name="com.kartik.database.controllers.AuthorControllerIntegrationTests" time="1.582" tests="10" errors="0" skipped="0" failures="4">
  <properties>
    <property name="java.specification.version" value="21"/>
    <property name="sun.jnu.encoding" value="UTF-8"/>
    <property name="java.class.path" value="/Users/kartiksharma/Desktop/Learning Spring Boot/JPA/target/test-classes:/Users/kartiksharma/Desktop/Learning Spring Boot/JPA/target/classes:/Users/kartiksharma/.m2/repository/org/springframework/boot/spring-boot-starter-web/3.2.1/spring-boot-starter-web-3.2.1.jar:/Users/kartiksharma/.m2/repository/org/springframework/boot/spring-boot-starter/3.2.1/spring-boot-starter-3.2.1.jar:/Users/kartiksharma/.m2/repository/org/springframework/boot/spring-boot/3.2.1/spring-boot-3.2.1.jar:/Users/kartiksharma/.m2/repository/org/springframework/boot/spring-boot-autoconfigure/3.2.1/spring-boot-autoconfigure-3.2.1.jar:/Users/kartiksharma/.m2/repository/org/springframework/boot/spring-boot-starter-logging/3.2.1/spring-boot-starter-logging-3.2.1.jar:/Users/kartiksharma/.m2/repository/ch/qos/logback/logback-classic/1.4.14/logback-classic-1.4.14.jar:/Users/kartiksharma/.m2/repository/ch/qos/logback/logback-core/1.4.14/logback-core-1.4.14.jar:/Users/kartiksharma/.m2/repository/org/apache/logging/log4j/log4j-to-slf4j/2.21.1/log4j-to-slf4j-2.21.1.jar:/Users/kartiksharma/.m2/repository/org/apache/logging/log4j/log4j-api/2.21.1/log4j-api-2.21.1.jar:/Users/kartiksharma/.m2/repository/org/slf4j/jul-to-slf4j/2.0.9/jul-to-slf4j-2.0.9.jar:/Users/kartiksharma/.m2/repository/jakarta/annotation/jakarta.annotation-api/2.1.1/jakarta.annotation-api-2.1.1.jar:/Users/kartiksharma/.m2/repository/org/yaml/snakeyaml/2.2/snakeyaml-2.2.jar:/Users/kartiksharma/.m2/repository/org/springframework/boot/spring-boot-starter-json/3.2.1/spring-boot-starter-json-3.2.1.jar:/Users/kartiksharma/.m2/repository/com/fasterxml/jackson/core/jackson-databind/2.15.3/jackson-databind-2.15.3.jar:/Users/kartiksharma/.m2/repository/com/fasterxml/jackson/core/jackson-annotations/2.15.3/jackson-annotations-2.15.3.jar:/Users/kartiksharma/.m2/repository/com/fasterxml/jackson/core/jackson-core/2.15.3/jackson-core-2.15.3.jar:/Users/kartiksharma/.m2/repository/com/fasterxml/jackson/datatype/jackson-datatype-jdk8/2.15.3/jackson-datatype-jdk8-2.15.3.jar:/Users/kartiksharma/.m2/repository/com/fasterxml/jackson/datatype/jackson-datatype-jsr310/2.15.3/jackson-datatype-jsr310-2.15.3.jar:/Users/kartiksharma/.m2/repository/com/fasterxml/jackson/module/jackson-module-parameter-names/2.15.3/jackson-module-parameter-names-2.15.3.jar:/Users/kartiksharma/.m2/repository/org/springframework/boot/spring-boot-starter-tomcat/3.2.1/spring-boot-starter-tomcat-3.2.1.jar:/Users/kartiksharma/.m2/repository/org/apache/tomcat/embed/tomcat-embed-core/10.1.17/tomcat-embed-core-10.1.17.jar:/Users/kartiksharma/.m2/repository/org/apache/tomcat/embed/tomcat-embed-el/10.1.17/tomcat-embed-el-10.1.17.jar:/Users/kartiksharma/.m2/repository/org/apache/tomcat/embed/tomcat-embed-websocket/10.1.17/tomcat-embed-websocket-10.1.17.jar:/Users/kartiksharma/.m2/repository/org/springframework/spring-web/6.1.2/spring-web-6.1.2.jar:/Users/kartiksharma/.m2/repository/org/springframework/spring-beans/6.1.2/spring-beans-6.1.2.jar:/Users/kartiksharma/.m2/repository/io/micrometer/micrometer-observation/1.12.1/micrometer-observation-1.12.1.jar:/Users/kartiksharma/.m2/repository/io/micrometer/micrometer-commons/1.12.1/micrometer-commons-1.12.1.jar:/Users/kartiksharma/.m2/repository/org/springframework/spring-webmvc/6.1.2/spring-webmvc-6.1.2.jar:/Users/kartiksharma/.m2/repository/org/springframework/spring-aop/6.1.2/spring-aop-6.1.2.jar:/Users/kartiksharma/.m2/repository/org/springframework/spring-context/6.1.2/spring-context-6.1.2.jar:/Users/kartiksharma/.m2/repository/org/springframework/spring-expression/6.1.2/spring-expression-6.1.2.jar:/Users/kartiksharma/.m2/repository/org/springframework/boot/spring-boot-starter-data-jpa/3.2.1/spring-boot-starter-data-jpa-3.2.1.jar:/Users/kartiksharma/.m2/repository/org/springframework/boot/spring-boot-starter-aop/3.2.1/spring-boot-starter-aop-3.2.1.jar:/Users/kartiksharma/.m2/repository/org/aspectj/aspectjweaver/1.9.21/aspectjweaver-1.9.21.jar:/Users/kartiksharma/.m2/repository/org/springframework/boot/spring-boot-starter-jdbc/3.2.1/spring-boot-starter-jdbc-3.2.1.jar:/Users/kartiksharma/.m2/repository/com/zaxxer/HikariCP/5.0.1/HikariCP-5.0.1.jar:/Users/kartiksharma/.m2/repository/org/springframework/spring-jdbc/6.1.2/spring-jdbc-6.1.2.jar:/Users/kartiksharma/.m2/repository/org/hibernate/orm/hibernate-core/6.4.1.Final/hibernate-core-6.4.1.Final.jar:/Users/kartiksharma/.m2/repository/jakarta/persistence/jakarta.persistence-api/3.1.0/jakarta.persistence-api-3.1.0.jar:/Users/kartiksharma/.m2/repository/jakarta/transaction/jakarta.transaction-api/2.0.1/jakarta.transaction-api-2.0.1.jar:/Users/kartiksharma/.m2/repository/org/jboss/logging/jboss-logging/3.5.3.Final/jboss-logging-3.5.3.Final.jar:/Users/kartiksharma/.m2/repository/org/hibernate/common/hibernate-commons-annotations/6.0.6.Final/hibernate-commons-annotations-6.0.6.Final.jar:/Users/kartiksharma/.m2/repository/io/smallrye/jandex/3.1.2/jandex-3.1.2.jar:/Users/kartiksharma/.m2/repository/com/fasterxml/classmate/1.6.0/classmate-1.6.0.jar:/Users/kartiksharma/.m2/repository/net/bytebuddy/byte-buddy/1.14.10/byte-buddy-1.14.10.jar:/Users/kartiksharma/.m2/repository/org/glassfish/jaxb/jaxb-runtime/4.0.4/jaxb-runtime-4.0.4.jar:/Users/kartiksharma/.m2/repository/org/glassfish/jaxb/jaxb-core/4.0.4/jaxb-core-4.0.4.jar:/Users/kartiksharma/.m2/repository/org/eclipse/angus/angus-activation/2.0.1/angus-activation-2.0.1.jar:/Users/kartiksharma/.m2/repository/org/glassfish/jaxb/txw2/4.0.4/txw2-4.0.4.jar:/Users/kartiksharma/.m2/repository/com/sun/istack/istack-commons-runtime/4.1.2/istack-commons-runtime-4.1.2.jar:/Users/kartiksharma/.m2/repository/jakarta/inject/jakarta.inject-api/2.0.1/jakarta.inject-api-2.0.1.jar:/Users/kartiksharma/.m2/repository/org/antlr/antlr4-runtime/4.13.0/antlr4-runtime-4.13.0.jar:/Users/kartiksharma/.m2/repository/org/springframework/data/spring-data-jpa/3.2.1/spring-data-jpa-3.2.1.jar:/Users/kartiksharma/.m2/repository/org/springframework/data/spring-data-commons/3.2.1/spring-data-commons-3.2.1.jar:/Users/kartiksharma/.m2/repository/org/springframework/spring-orm/6.1.2/spring-orm-6.1.2.jar:/Users/kartiksharma/.m2/repository/org/springframework/spring-tx/6.1.2/spring-tx-6.1.2.jar:/Users/kartiksharma/.m2/repository/org/slf4j/slf4j-api/2.0.9/slf4j-api-2.0.9.jar:/Users/kartiksharma/.m2/repository/org/springframework/spring-aspects/6.1.2/spring-aspects-6.1.2.jar:/Users/kartiksharma/.m2/repository/org/postgresql/postgresql/42.6.0/postgresql-42.6.0.jar:/Users/kartiksharma/.m2/repository/org/checkerframework/checker-qual/3.31.0/checker-qual-3.31.0.jar:/Users/kartiksharma/.m2/repository/org/projectlombok/lombok/1.18.30/lombok-1.18.30.jar:/Users/kartiksharma/.m2/repository/org/springframework/boot/spring-boot-starter-test/3.2.1/spring-boot-starter-test-3.2.1.jar:/Users/kartiksharma/.m2/repository/org/springframework/boot/spring-boot-test/3.2.1/spring-boot-test-3.2.1.jar:/Users/kartiksharma/.m2/repository/org/springframework/boot/spring-boot-test-autoconfigure/3.2.1/spring-boot-test-autoconfigure-3.2.1.jar:/Users/kartiksharma/.m2/repository/com/jayway/jsonpath/json-path/2.8.0/json-path-2.8.0.jar:/Users/kartiksharma/.m2/repository/jakarta/xml/bind/jakarta.xml.bind-api/4.0.1/jakarta.xml.bind-api-4.0.1.jar:/Users/kartiksharma/.m2/repository/jakarta/activation/jakarta.activation-api/2.1.2/jakarta.activation-api-2.1.2.jar:/Users/kartiksharma/.m2/repository/net/minidev/json-smart/2.5.0/json-smart-2.5.0.jar:/Users/kartiksharma/.m2/repository/net/minidev/accessors-smart/2.5.0/accessors-smart-2.5.0.jar:/Users/kartiksharma/.m2/repository/org/ow2/asm/asm/9.3/asm-9.3.jar:/Users/kartiksharma/.m2/repository/org/assertj/assertj-core/3.24.2/assertj-core-3.24.2.jar:/Users/kartiksharma/.m2/repository/org/awaitility/awaitility/4.2.0/awaitility-4.2.0.jar:/Users/kartiksharma/.m2/repository/org/hamcrest/hamcrest/2.2/hamcrest-2.2.jar:/Users/kartiksharma/.m2/repository/org/junit/jupiter/junit-jupiter/5.10.1/junit-jupiter-5.10.1.jar:/Users/kartiksharma/.m2/repository/org/junit/jupiter/junit-jupiter-api/5.10.1/junit-jupiter-api-5.10.1.jar:/Users/kartiksharma/.m2/repository/org/opentest4j/opentest4j/1.3.0/opentest4j-1.3.0.jar:/Users/kartiksharma/.m2/repository/org/junit/platform/junit-platform-commons/1.10.1/junit-platform-commons-1.10.1.jar:/Users/kartiksharma/.m2/repository/org/apiguardian/apiguardian-api/1.1.2/apiguardian-api-1.1.2.jar:/Users/kartiksharma/.m2/repository/org/junit/jupiter/junit-jupiter-params/5.10.1/junit-jupiter-params-5.10.1.jar:/Users/kartiksharma/.m2/repository/org/junit/jupiter/junit-jupiter-engine/5.10.1/junit-jupiter-engine-5.10.1.jar:/Users/kartiksharma/.m2/repository/org/junit/platform/junit-platform-engine/1.10.1/junit-platform-engine-1.10.1.jar:/Users/kartiksharma/.m2/repository/org/mockito/mockito-core/5.7.0/mockito-core-5.7.0.jar:/Users/kartiksharma/.m2/repository/net/bytebuddy/byte-buddy-agent/1.14.10/byte-buddy-agent-1.14.10.jar:/Users/kartiksharma/.m2/repository/org/objenesis/objenesis/3.3/objenesis-3.3.jar:/Users/kartiksharma/.m2/repository/org/mockito/mockito-junit-jupiter/5.7.0/mockito-junit-jupiter-5.7.0.jar:/Users/kartiksharma/.m2/repository/org/skyscreamer/jsonassert/1.5.1/jsonassert-1.5.1.jar:/Users/kartiksharma/.m2/repository/com/vaadin/external/google/android-json/0.0.20131108.vaadin1/android-json-0.0.20131108.vaadin1.jar:/Users/kartiksharma/.m2/repository/org/springframework/spring-core/6.1.2/spring-core-6.1.2.jar:/Users/kartiksharma/.m2/repository/org/springframework/spring-jcl/6.1.2/spring-jcl-6.1.2.jar:/Users/kartiksharma/.m2/repository/org/springframework/spring-test/6.1.2/spring-test-6.1.2.jar:/Users/kartiksharma/.m2/repository/org/xmlunit/xmlunit-core/2.9.1/xmlunit-core-2.9.1.jar:/Users/kartiksharma/.m2/repository/com/h2database/h2/2.2.224/h2-2.2.224.jar:/Users/kartiksharma/.m2/repository/org/modelmapper/modelmapper/3.0.0/modelmapper-3.0.0.jar:"/>
    <property name="java.vm.vendor" value="Oracle Corporation"/>
    <property name="sun.arch.data.model" value="64"/>
    <property name="java.vendor.url" value="https://java.oracle.com/"/>
    <property name="user.timezone" value="America/Denver"/>
    <property name="org.jboss.logging.provider" value="slf4j"/>
    <property name="os.name" value="Mac OS X"/>
    <property name="java.vm.specification.version" value="21"/>
    <property name="sun.java.launcher" value="SUN_STANDARD"/>
    <property name="user.country" value="US"/>
    <property name="sun.boot.library.path" value="/Users/kartiksharma/Library/Java/JavaVirtualMachines/openjdk-21.0.1/Contents/Home/lib"/>
    <property name="sun.java.command" value="/Users/kartiksharma/Desktop/Learning Spring Boot/JPA/target/surefire/surefirebooter-20231228131545612_3.jar /Users/kartiksharma/Desktop/Learning Spring Boot/JPA/target/surefire 2023-12-28T13-15-45_568-jvmRun1 surefire-20231228131545612_1tmp surefire_0-20231228131545612_2tmp"/>
    <property name="jdk.debug" value="release"/>
    <property name="surefire.test.class.path" value="/Users/kartiksharma/Desktop/Learning Spring Boot/JPA/target/test-classes:/Users/kartiksharma/Desktop/Learning Spring Boot/JPA/target/classes:/Users/kartiksharma/.m2/repository/org/springframework/boot/spring-boot-starter-web/3.2.1/spring-boot-starter-web-3.2.1.jar:/Users/kartiksharma/.m2/repository/org/springframework/boot/spring-boot-starter/3.2.1/spring-boot-starter-3.2.1.jar:/Users/kartiksharma/.m2/repository/org/springframework/boot/spring-boot/3.2.1/spring-boot-3.2.1.jar:/Users/kartiksharma/.m2/repository/org/springframework/boot/spring-boot-autoconfigure/3.2.1/spring-boot-autoconfigure-3.2.1.jar:/Users/kartiksharma/.m2/repository/org/springframework/boot/spring-boot-starter-logging/3.2.1/spring-boot-starter-logging-3.2.1.jar:/Users/kartiksharma/.m2/repository/ch/qos/logback/logback-classic/1.4.14/logback-classic-1.4.14.jar:/Users/kartiksharma/.m2/repository/ch/qos/logback/logback-core/1.4.14/logback-core-1.4.14.jar:/Users/kartiksharma/.m2/repository/org/apache/logging/log4j/log4j-to-slf4j/2.21.1/log4j-to-slf4j-2.21.1.jar:/Users/kartiksharma/.m2/repository/org/apache/logging/log4j/log4j-api/2.21.1/log4j-api-2.21.1.jar:/Users/kartiksharma/.m2/repository/org/slf4j/jul-to-slf4j/2.0.9/jul-to-slf4j-2.0.9.jar:/Users/kartiksharma/.m2/repository/jakarta/annotation/jakarta.annotation-api/2.1.1/jakarta.annotation-api-2.1.1.jar:/Users/kartiksharma/.m2/repository/org/yaml/snakeyaml/2.2/snakeyaml-2.2.jar:/Users/kartiksharma/.m2/repository/org/springframework/boot/spring-boot-starter-json/3.2.1/spring-boot-starter-json-3.2.1.jar:/Users/kartiksharma/.m2/repository/com/fasterxml/jackson/core/jackson-databind/2.15.3/jackson-databind-2.15.3.jar:/Users/kartiksharma/.m2/repository/com/fasterxml/jackson/core/jackson-annotations/2.15.3/jackson-annotations-2.15.3.jar:/Users/kartiksharma/.m2/repository/com/fasterxml/jackson/core/jackson-core/2.15.3/jackson-core-2.15.3.jar:/Users/kartiksharma/.m2/repository/com/fasterxml/jackson/datatype/jackson-datatype-jdk8/2.15.3/jackson-datatype-jdk8-2.15.3.jar:/Users/kartiksharma/.m2/repository/com/fasterxml/jackson/datatype/jackson-datatype-jsr310/2.15.3/jackson-datatype-jsr310-2.15.3.jar:/Users/kartiksharma/.m2/repository/com/fasterxml/jackson/module/jackson-module-parameter-names/2.15.3/jackson-module-parameter-names-2.15.3.jar:/Users/kartiksharma/.m2/repository/org/springframework/boot/spring-boot-starter-tomcat/3.2.1/spring-boot-starter-tomcat-3.2.1.jar:/Users/kartiksharma/.m2/repository/org/apache/tomcat/embed/tomcat-embed-core/10.1.17/tomcat-embed-core-10.1.17.jar:/Users/kartiksharma/.m2/repository/org/apache/tomcat/embed/tomcat-embed-el/10.1.17/tomcat-embed-el-10.1.17.jar:/Users/kartiksharma/.m2/repository/org/apache/tomcat/embed/tomcat-embed-websocket/10.1.17/tomcat-embed-websocket-10.1.17.jar:/Users/kartiksharma/.m2/repository/org/springframework/spring-web/6.1.2/spring-web-6.1.2.jar:/Users/kartiksharma/.m2/repository/org/springframework/spring-beans/6.1.2/spring-beans-6.1.2.jar:/Users/kartiksharma/.m2/repository/io/micrometer/micrometer-observation/1.12.1/micrometer-observation-1.12.1.jar:/Users/kartiksharma/.m2/repository/io/micrometer/micrometer-commons/1.12.1/micrometer-commons-1.12.1.jar:/Users/kartiksharma/.m2/repository/org/springframework/spring-webmvc/6.1.2/spring-webmvc-6.1.2.jar:/Users/kartiksharma/.m2/repository/org/springframework/spring-aop/6.1.2/spring-aop-6.1.2.jar:/Users/kartiksharma/.m2/repository/org/springframework/spring-context/6.1.2/spring-context-6.1.2.jar:/Users/kartiksharma/.m2/repository/org/springframework/spring-expression/6.1.2/spring-expression-6.1.2.jar:/Users/kartiksharma/.m2/repository/org/springframework/boot/spring-boot-starter-data-jpa/3.2.1/spring-boot-starter-data-jpa-3.2.1.jar:/Users/kartiksharma/.m2/repository/org/springframework/boot/spring-boot-starter-aop/3.2.1/spring-boot-starter-aop-3.2.1.jar:/Users/kartiksharma/.m2/repository/org/aspectj/aspectjweaver/1.9.21/aspectjweaver-1.9.21.jar:/Users/kartiksharma/.m2/repository/org/springframework/boot/spring-boot-starter-jdbc/3.2.1/spring-boot-starter-jdbc-3.2.1.jar:/Users/kartiksharma/.m2/repository/com/zaxxer/HikariCP/5.0.1/HikariCP-5.0.1.jar:/Users/kartiksharma/.m2/repository/org/springframework/spring-jdbc/6.1.2/spring-jdbc-6.1.2.jar:/Users/kartiksharma/.m2/repository/org/hibernate/orm/hibernate-core/6.4.1.Final/hibernate-core-6.4.1.Final.jar:/Users/kartiksharma/.m2/repository/jakarta/persistence/jakarta.persistence-api/3.1.0/jakarta.persistence-api-3.1.0.jar:/Users/kartiksharma/.m2/repository/jakarta/transaction/jakarta.transaction-api/2.0.1/jakarta.transaction-api-2.0.1.jar:/Users/kartiksharma/.m2/repository/org/jboss/logging/jboss-logging/3.5.3.Final/jboss-logging-3.5.3.Final.jar:/Users/kartiksharma/.m2/repository/org/hibernate/common/hibernate-commons-annotations/6.0.6.Final/hibernate-commons-annotations-6.0.6.Final.jar:/Users/kartiksharma/.m2/repository/io/smallrye/jandex/3.1.2/jandex-3.1.2.jar:/Users/kartiksharma/.m2/repository/com/fasterxml/classmate/1.6.0/classmate-1.6.0.jar:/Users/kartiksharma/.m2/repository/net/bytebuddy/byte-buddy/1.14.10/byte-buddy-1.14.10.jar:/Users/kartiksharma/.m2/repository/org/glassfish/jaxb/jaxb-runtime/4.0.4/jaxb-runtime-4.0.4.jar:/Users/kartiksharma/.m2/repository/org/glassfish/jaxb/jaxb-core/4.0.4/jaxb-core-4.0.4.jar:/Users/kartiksharma/.m2/repository/org/eclipse/angus/angus-activation/2.0.1/angus-activation-2.0.1.jar:/Users/kartiksharma/.m2/repository/org/glassfish/jaxb/txw2/4.0.4/txw2-4.0.4.jar:/Users/kartiksharma/.m2/repository/com/sun/istack/istack-commons-runtime/4.1.2/istack-commons-runtime-4.1.2.jar:/Users/kartiksharma/.m2/repository/jakarta/inject/jakarta.inject-api/2.0.1/jakarta.inject-api-2.0.1.jar:/Users/kartiksharma/.m2/repository/org/antlr/antlr4-runtime/4.13.0/antlr4-runtime-4.13.0.jar:/Users/kartiksharma/.m2/repository/org/springframework/data/spring-data-jpa/3.2.1/spring-data-jpa-3.2.1.jar:/Users/kartiksharma/.m2/repository/org/springframework/data/spring-data-commons/3.2.1/spring-data-commons-3.2.1.jar:/Users/kartiksharma/.m2/repository/org/springframework/spring-orm/6.1.2/spring-orm-6.1.2.jar:/Users/kartiksharma/.m2/repository/org/springframework/spring-tx/6.1.2/spring-tx-6.1.2.jar:/Users/kartiksharma/.m2/repository/org/slf4j/slf4j-api/2.0.9/slf4j-api-2.0.9.jar:/Users/kartiksharma/.m2/repository/org/springframework/spring-aspects/6.1.2/spring-aspects-6.1.2.jar:/Users/kartiksharma/.m2/repository/org/postgresql/postgresql/42.6.0/postgresql-42.6.0.jar:/Users/kartiksharma/.m2/repository/org/checkerframework/checker-qual/3.31.0/checker-qual-3.31.0.jar:/Users/kartiksharma/.m2/repository/org/projectlombok/lombok/1.18.30/lombok-1.18.30.jar:/Users/kartiksharma/.m2/repository/org/springframework/boot/spring-boot-starter-test/3.2.1/spring-boot-starter-test-3.2.1.jar:/Users/kartiksharma/.m2/repository/org/springframework/boot/spring-boot-test/3.2.1/spring-boot-test-3.2.1.jar:/Users/kartiksharma/.m2/repository/org/springframework/boot/spring-boot-test-autoconfigure/3.2.1/spring-boot-test-autoconfigure-3.2.1.jar:/Users/kartiksharma/.m2/repository/com/jayway/jsonpath/json-path/2.8.0/json-path-2.8.0.jar:/Users/kartiksharma/.m2/repository/jakarta/xml/bind/jakarta.xml.bind-api/4.0.1/jakarta.xml.bind-api-4.0.1.jar:/Users/kartiksharma/.m2/repository/jakarta/activation/jakarta.activation-api/2.1.2/jakarta.activation-api-2.1.2.jar:/Users/kartiksharma/.m2/repository/net/minidev/json-smart/2.5.0/json-smart-2.5.0.jar:/Users/kartiksharma/.m2/repository/net/minidev/accessors-smart/2.5.0/accessors-smart-2.5.0.jar:/Users/kartiksharma/.m2/repository/org/ow2/asm/asm/9.3/asm-9.3.jar:/Users/kartiksharma/.m2/repository/org/assertj/assertj-core/3.24.2/assertj-core-3.24.2.jar:/Users/kartiksharma/.m2/repository/org/awaitility/awaitility/4.2.0/awaitility-4.2.0.jar:/Users/kartiksharma/.m2/repository/org/hamcrest/hamcrest/2.2/hamcrest-2.2.jar:/Users/kartiksharma/.m2/repository/org/junit/jupiter/junit-jupiter/5.10.1/junit-jupiter-5.10.1.jar:/Users/kartiksharma/.m2/repository/org/junit/jupiter/junit-jupiter-api/5.10.1/junit-jupiter-api-5.10.1.jar:/Users/kartiksharma/.m2/repository/org/opentest4j/opentest4j/1.3.0/opentest4j-1.3.0.jar:/Users/kartiksharma/.m2/repository/org/junit/platform/junit-platform-commons/1.10.1/junit-platform-commons-1.10.1.jar:/Users/kartiksharma/.m2/repository/org/apiguardian/apiguardian-api/1.1.2/apiguardian-api-1.1.2.jar:/Users/kartiksharma/.m2/repository/org/junit/jupiter/junit-jupiter-params/5.10.1/junit-jupiter-params-5.10.1.jar:/Users/kartiksharma/.m2/repository/org/junit/jupiter/junit-jupiter-engine/5.10.1/junit-jupiter-engine-5.10.1.jar:/Users/kartiksharma/.m2/repository/org/junit/platform/junit-platform-engine/1.10.1/junit-platform-engine-1.10.1.jar:/Users/kartiksharma/.m2/repository/org/mockito/mockito-core/5.7.0/mockito-core-5.7.0.jar:/Users/kartiksharma/.m2/repository/net/bytebuddy/byte-buddy-agent/1.14.10/byte-buddy-agent-1.14.10.jar:/Users/kartiksharma/.m2/repository/org/objenesis/objenesis/3.3/objenesis-3.3.jar:/Users/kartiksharma/.m2/repository/org/mockito/mockito-junit-jupiter/5.7.0/mockito-junit-jupiter-5.7.0.jar:/Users/kartiksharma/.m2/repository/org/skyscreamer/jsonassert/1.5.1/jsonassert-1.5.1.jar:/Users/kartiksharma/.m2/repository/com/vaadin/external/google/android-json/0.0.20131108.vaadin1/android-json-0.0.20131108.vaadin1.jar:/Users/kartiksharma/.m2/repository/org/springframework/spring-core/6.1.2/spring-core-6.1.2.jar:/Users/kartiksharma/.m2/repository/org/springframework/spring-jcl/6.1.2/spring-jcl-6.1.2.jar:/Users/kartiksharma/.m2/repository/org/springframework/spring-test/6.1.2/spring-test-6.1.2.jar:/Users/kartiksharma/.m2/repository/org/xmlunit/xmlunit-core/2.9.1/xmlunit-core-2.9.1.jar:/Users/kartiksharma/.m2/repository/com/h2database/h2/2.2.224/h2-2.2.224.jar:/Users/kartiksharma/.m2/repository/org/modelmapper/modelmapper/3.0.0/modelmapper-3.0.0.jar:"/>
    <property name="sun.cpu.endian" value="little"/>
    <property name="user.home" value="/Users/kartiksharma"/>
    <property name="user.language" value="en"/>
    <property name="java.specification.vendor" value="Oracle Corporation"/>
    <property name="java.version.date" value="2023-10-17"/>
    <property name="java.home" value="/Users/kartiksharma/Library/Java/JavaVirtualMachines/openjdk-21.0.1/Contents/Home"/>
    <property name="file.separator" value="/"/>
    <property name="basedir" value="/Users/kartiksharma/Desktop/Learning Spring Boot/JPA"/>
    <property name="java.vm.compressedOopsMode" value="Zero based"/>
    <property name="line.separator" value="&#10;"/>
    <property name="java.vm.specification.vendor" value="Oracle Corporation"/>
    <property name="java.specification.name" value="Java Platform API Specification"/>
    <property name="FILE_LOG_CHARSET" value="UTF-8"/>
    <property name="java.awt.headless" value="true"/>
    <property name="apple.awt.application.name" value="ForkedBooter"/>
    <property name="surefire.real.class.path" value="/Users/kartiksharma/Desktop/Learning Spring Boot/JPA/target/surefire/surefirebooter-20231228131545612_3.jar"/>
    <property name="sun.management.compiler" value="HotSpot 64-Bit Tiered Compilers"/>
    <property name="java.runtime.version" value="21.0.1+12-29"/>
    <property name="user.name" value="kartiksharma"/>
    <property name="stdout.encoding" value="UTF-8"/>
    <property name="path.separator" value=":"/>
    <property name="os.version" value="13.5.2"/>
    <property name="java.runtime.name" value="OpenJDK Runtime Environment"/>
    <property name="file.encoding" value="UTF-8"/>
    <property name="java.vm.name" value="OpenJDK 64-Bit Server VM"/>
    <property name="localRepository" value="/Users/kartiksharma/.m2/repository"/>
    <property name="java.vendor.url.bug" value="https://bugreport.java.com/bugreport/"/>
    <property name="java.io.tmpdir" value="/var/folders/6k/htbjx7l93ldb6p54pmscffxh0000gn/T/"/>
    <property name="com.zaxxer.hikari.pool_number" value="29"/>
    <property name="java.version" value="21.0.1"/>
    <property name="user.dir" value="/Users/kartiksharma/Desktop/Learning Spring Boot/JPA"/>
    <property name="os.arch" value="aarch64"/>
    <property name="java.vm.specification.name" value="Java Virtual Machine Specification"/>
    <property name="PID" value="86685"/>
    <property name="CONSOLE_LOG_CHARSET" value="UTF-8"/>
    <property name="native.encoding" value="UTF-8"/>
    <property name="java.library.path" value="/Users/kartiksharma/Library/Java/Extensions:/Library/Java/Extensions:/Network/Library/Java/Extensions:/System/Library/Java/Extensions:/usr/lib/java:."/>
    <property name="java.vm.info" value="mixed mode, sharing"/>
    <property name="stderr.encoding" value="UTF-8"/>
    <property name="java.vendor" value="Oracle Corporation"/>
    <property name="java.vm.version" value="21.0.1+12-29"/>
    <property name="sun.io.unicode.encoding" value="UnicodeBig"/>
    <property name="java.class.version" value="65.0"/>
  </properties>
  <testcase name="testThatFullUpdateAuthorReturnCorrectUpdatedAuthor" classname="com.kartik.database.controllers.AuthorControllerIntegrationTests" time="0.013">
    <failure message="No value at JSON path &quot;$.id&quot;" type="java.lang.AssertionError"><![CDATA[java.lang.AssertionError: No value at JSON path "$.id"
	at org.springframework.test.util.JsonPathExpectationsHelper.evaluateJsonPath(JsonPathExpectationsHelper.java:302)
	at org.springframework.test.util.JsonPathExpectationsHelper.assertValue(JsonPathExpectationsHelper.java:99)
	at org.springframework.test.web.servlet.result.JsonPathResultMatchers.lambda$value$2(JsonPathResultMatchers.java:111)
	at org.springframework.test.web.servlet.MockMvc$1.andExpect(MockMvc.java:214)
	at com.kartik.database.controllers.AuthorControllerIntegrationTests.testThatFullUpdateAuthorReturnCorrectUpdatedAuthor(AuthorControllerIntegrationTests.java:185)
	at java.base/java.lang.reflect.Method.invoke(Method.java:580)
	at java.base/java.util.ArrayList.forEach(ArrayList.java:1596)
	at java.base/java.util.ArrayList.forEach(ArrayList.java:1596)
Caused by: java.lang.IllegalArgumentException: json can not be null or empty
	at com.jayway.jsonpath.internal.Utils.notEmpty(Utils.java:401)
	at com.jayway.jsonpath.JsonPath.read(JsonPath.java:390)
	at com.jayway.jsonpath.JsonPath.read(JsonPath.java:377)
	at org.springframework.test.util.JsonPathExpectationsHelper.evaluateJsonPath(JsonPathExpectationsHelper.java:299)
	... 7 more
]]></failure>
    <system-out><![CDATA[2023-12-28T13:15:52.494-07:00  INFO 86685 --- [           main] t.c.s.AnnotationConfigContextLoaderUtils : Could not detect default configuration classes for test class [com.kartik.database.controllers.AuthorControllerIntegrationTests]: AuthorControllerIntegrationTests does not declare any static, non-private, non-final, nested classes annotated with @Configuration.
2023-12-28T13:15:52.494-07:00  INFO 86685 --- [           main] .b.t.c.SpringBootTestContextBootstrapper : Found @SpringBootConfiguration com.kartik.database.BooksApiApplication for test class com.kartik.database.controllers.AuthorControllerIntegrationTests

  .   ____          _            __ _ _
 /\\ / ___'_ __ _ _(_)_ __  __ _ \ \ \ \
( ( )\___ | '_ | '_| | '_ \/ _` | \ \ \ \
 \\/  ___)| |_)| | | | | || (_| |  ) ) ) )
  '  |____| .__|_| |_|_| |_\__, | / / / /
 =========|_|==============|___/=/_/_/_/
 :: Spring Boot ::                (v3.2.1)

2023-12-28T13:15:52.500-07:00  INFO 86685 --- [           main] c.k.d.c.AuthorControllerIntegrationTests : Starting AuthorControllerIntegrationTests using Java 21.0.1 with PID 86685 (started by kartiksharma in /Users/kartiksharma/Desktop/Learning Spring Boot/JPA)
2023-12-28T13:15:52.500-07:00  INFO 86685 --- [           main] c.k.d.c.AuthorControllerIntegrationTests : No active profile set, falling back to 1 default profile: "default"
2023-12-28T13:15:52.533-07:00  INFO 86685 --- [           main] .s.d.r.c.RepositoryConfigurationDelegate : Bootstrapping Spring Data JPA repositories in DEFAULT mode.
2023-12-28T13:15:52.535-07:00  INFO 86685 --- [           main] .s.d.r.c.RepositoryConfigurationDelegate : Finished Spring Data repository scanning in 2 ms. Found 2 JPA repository interfaces.
2023-12-28T13:15:52.553-07:00  INFO 86685 --- [           main] o.hibernate.jpa.internal.util.LogHelper  : HHH000204: Processing PersistenceUnitInfo [name: default]
2023-12-28T13:15:52.553-07:00  INFO 86685 --- [           main] o.h.c.internal.RegionFactoryInitiator    : HHH000026: Second-level cache disabled
2023-12-28T13:15:52.554-07:00  INFO 86685 --- [           main] o.s.o.j.p.SpringPersistenceUnitInfo      : No LoadTimeWeaver setup: ignoring JPA class transformer
2023-12-28T13:15:52.554-07:00  INFO 86685 --- [           main] com.zaxxer.hikari.HikariDataSource       : HikariPool-20 - Starting...
2023-12-28T13:15:52.574-07:00  INFO 86685 --- [           main] com.zaxxer.hikari.pool.HikariPool        : HikariPool-20 - Added connection org.postgresql.jdbc.PgConnection@2376142e
2023-12-28T13:15:52.574-07:00  INFO 86685 --- [           main] com.zaxxer.hikari.HikariDataSource       : HikariPool-20 - Start completed.
2023-12-28T13:15:52.593-07:00  INFO 86685 --- [           main] o.h.e.t.j.p.i.JtaPlatformInitiator       : HHH000489: No JTA platform available (set 'hibernate.transaction.jta.platform' to enable JTA platform integration)
2023-12-28T13:15:52.615-07:00  INFO 86685 --- [           main] j.LocalContainerEntityManagerFactoryBean : Initialized JPA EntityManagerFactory for persistence unit 'default'
2023-12-28T13:15:52.629-07:00  WARN 86685 --- [           main] JpaBaseConfiguration$JpaWebConfiguration : spring.jpa.open-in-view is enabled by default. Therefore, database queries may be performed during view rendering. Explicitly configure spring.jpa.open-in-view to disable this warning
2023-12-28T13:15:52.647-07:00  INFO 86685 --- [           main] o.s.b.t.m.w.SpringBootMockServletContext : Initializing Spring TestDispatcherServlet ''
2023-12-28T13:15:52.647-07:00  INFO 86685 --- [           main] o.s.t.web.servlet.TestDispatcherServlet  : Initializing Servlet ''
2023-12-28T13:15:52.647-07:00  INFO 86685 --- [           main] o.s.t.web.servlet.TestDispatcherServlet  : Completed initialization in 0 ms
2023-12-28T13:15:52.649-07:00  INFO 86685 --- [           main] c.k.d.c.AuthorControllerIntegrationTests : Started AuthorControllerIntegrationTests in 0.153 seconds (process running for 6.994)

MockHttpServletRequest:
      HTTP Method = PUT
      Request URI = /authors/1
       Parameters = {}
          Headers = [Content-Type:"application/json;charset=UTF-8", Content-Length:"35"]
             Body = {"id":1,"name":"Testy123","age":80}
    Session Attrs = {}

Handler:
             Type = com.kartik.database.controllers.AuthorController
           Method = com.kartik.database.controllers.AuthorController#fullUpdateAuthor(Long, AuthorDto)

Async:
    Async started = false
     Async result = null

Resolved Exception:
             Type = null

ModelAndView:
        View name = null
             View = null
            Model = null

FlashMap:
       Attributes = null

MockHttpServletResponse:
           Status = 404
    Error message = null
          Headers = []
     Content type = null
             Body = 
    Forwarded URL = null
   Redirected URL = null
          Cookies = []
2023-12-28T13:15:52.661-07:00  INFO 86685 --- [           main] j.LocalContainerEntityManagerFactoryBean : Closing JPA EntityManagerFactory for persistence unit 'default'
2023-12-28T13:15:52.661-07:00  INFO 86685 --- [           main] com.zaxxer.hikari.HikariDataSource       : HikariPool-20 - Shutdown initiated...
2023-12-28T13:15:52.662-07:00  INFO 86685 --- [           main] com.zaxxer.hikari.HikariDataSource       : HikariPool-20 - Shutdown completed.
]]></system-out>
  </testcase>
  <testcase name="testThatGetAuthorsReturnsListOfAuthors" classname="com.kartik.database.controllers.AuthorControllerIntegrationTests" time="0.018">
    <system-out><![CDATA[
  .   ____          _            __ _ _
 /\\ / ___'_ __ _ _(_)_ __  __ _ \ \ \ \
( ( )\___ | '_ | '_| | '_ \/ _` | \ \ \ \
 \\/  ___)| |_)| | | | | || (_| |  ) ) ) )
  '  |____| .__|_| |_|_| |_\__, | / / / /
 =========|_|==============|___/=/_/_/_/
 :: Spring Boot ::                (v3.2.1)

2023-12-28T13:15:52.668-07:00  INFO 86685 --- [           main] c.k.d.c.AuthorControllerIntegrationTests : Starting AuthorControllerIntegrationTests using Java 21.0.1 with PID 86685 (started by kartiksharma in /Users/kartiksharma/Desktop/Learning Spring Boot/JPA)
2023-12-28T13:15:52.668-07:00  INFO 86685 --- [           main] c.k.d.c.AuthorControllerIntegrationTests : No active profile set, falling back to 1 default profile: "default"
2023-12-28T13:15:52.702-07:00  INFO 86685 --- [           main] .s.d.r.c.RepositoryConfigurationDelegate : Bootstrapping Spring Data JPA repositories in DEFAULT mode.
2023-12-28T13:15:52.705-07:00  INFO 86685 --- [           main] .s.d.r.c.RepositoryConfigurationDelegate : Finished Spring Data repository scanning in 2 ms. Found 2 JPA repository interfaces.
2023-12-28T13:15:52.720-07:00  INFO 86685 --- [           main] o.hibernate.jpa.internal.util.LogHelper  : HHH000204: Processing PersistenceUnitInfo [name: default]
2023-12-28T13:15:52.721-07:00  INFO 86685 --- [           main] o.h.c.internal.RegionFactoryInitiator    : HHH000026: Second-level cache disabled
2023-12-28T13:15:52.721-07:00  INFO 86685 --- [           main] o.s.o.j.p.SpringPersistenceUnitInfo      : No LoadTimeWeaver setup: ignoring JPA class transformer
2023-12-28T13:15:52.722-07:00  INFO 86685 --- [           main] com.zaxxer.hikari.HikariDataSource       : HikariPool-21 - Starting...
2023-12-28T13:15:52.737-07:00  INFO 86685 --- [           main] com.zaxxer.hikari.pool.HikariPool        : HikariPool-21 - Added connection org.postgresql.jdbc.PgConnection@5a2b15d8
2023-12-28T13:15:52.738-07:00  INFO 86685 --- [           main] com.zaxxer.hikari.HikariDataSource       : HikariPool-21 - Start completed.
2023-12-28T13:15:52.756-07:00  INFO 86685 --- [           main] o.h.e.t.j.p.i.JtaPlatformInitiator       : HHH000489: No JTA platform available (set 'hibernate.transaction.jta.platform' to enable JTA platform integration)
2023-12-28T13:15:52.782-07:00  INFO 86685 --- [           main] j.LocalContainerEntityManagerFactoryBean : Initialized JPA EntityManagerFactory for persistence unit 'default'
2023-12-28T13:15:52.795-07:00  WARN 86685 --- [           main] JpaBaseConfiguration$JpaWebConfiguration : spring.jpa.open-in-view is enabled by default. Therefore, database queries may be performed during view rendering. Explicitly configure spring.jpa.open-in-view to disable this warning
2023-12-28T13:15:52.811-07:00  INFO 86685 --- [           main] o.s.b.t.m.w.SpringBootMockServletContext : Initializing Spring TestDispatcherServlet ''
2023-12-28T13:15:52.811-07:00  INFO 86685 --- [           main] o.s.t.web.servlet.TestDispatcherServlet  : Initializing Servlet ''
2023-12-28T13:15:52.811-07:00  INFO 86685 --- [           main] o.s.t.web.servlet.TestDispatcherServlet  : Completed initialization in 0 ms
2023-12-28T13:15:52.813-07:00  INFO 86685 --- [           main] c.k.d.c.AuthorControllerIntegrationTests : Started AuthorControllerIntegrationTests in 0.15 seconds (process running for 7.159)
2023-12-28T13:15:52.831-07:00  INFO 86685 --- [           main] j.LocalContainerEntityManagerFactoryBean : Closing JPA EntityManagerFactory for persistence unit 'default'
2023-12-28T13:15:52.831-07:00  INFO 86685 --- [           main] com.zaxxer.hikari.HikariDataSource       : HikariPool-21 - Shutdown initiated...
2023-12-28T13:15:52.832-07:00  INFO 86685 --- [           main] com.zaxxer.hikari.HikariDataSource       : HikariPool-21 - Shutdown completed.
]]></system-out>
  </testcase>
  <testcase name="testThatGetAuthorReturnsCorrectAuthor" classname="com.kartik.database.controllers.AuthorControllerIntegrationTests" time="0.014">
    <failure message="No value at JSON path &quot;$.id&quot;" type="java.lang.AssertionError"><![CDATA[java.lang.AssertionError: No value at JSON path "$.id"
	at org.springframework.test.util.JsonPathExpectationsHelper.evaluateJsonPath(JsonPathExpectationsHelper.java:302)
	at org.springframework.test.util.JsonPathExpectationsHelper.assertValue(JsonPathExpectationsHelper.java:99)
	at org.springframework.test.web.servlet.result.JsonPathResultMatchers.lambda$value$2(JsonPathResultMatchers.java:111)
	at org.springframework.test.web.servlet.MockMvc$1.andExpect(MockMvc.java:214)
	at com.kartik.database.controllers.AuthorControllerIntegrationTests.testThatGetAuthorReturnsCorrectAuthor(AuthorControllerIntegrationTests.java:138)
	at java.base/java.lang.reflect.Method.invoke(Method.java:580)
	at java.base/java.util.ArrayList.forEach(ArrayList.java:1596)
	at java.base/java.util.ArrayList.forEach(ArrayList.java:1596)
Caused by: java.lang.IllegalArgumentException: json can not be null or empty
	at com.jayway.jsonpath.internal.Utils.notEmpty(Utils.java:401)
	at com.jayway.jsonpath.JsonPath.read(JsonPath.java:390)
	at com.jayway.jsonpath.JsonPath.read(JsonPath.java:377)
	at org.springframework.test.util.JsonPathExpectationsHelper.evaluateJsonPath(JsonPathExpectationsHelper.java:299)
	... 7 more
]]></failure>
    <system-out><![CDATA[
  .   ____          _            __ _ _
 /\\ / ___'_ __ _ _(_)_ __  __ _ \ \ \ \
( ( )\___ | '_ | '_| | '_ \/ _` | \ \ \ \
 \\/  ___)| |_)| | | | | || (_| |  ) ) ) )
  '  |____| .__|_| |_|_| |_\__, | / / / /
 =========|_|==============|___/=/_/_/_/
 :: Spring Boot ::                (v3.2.1)

2023-12-28T13:15:52.837-07:00  INFO 86685 --- [           main] c.k.d.c.AuthorControllerIntegrationTests : Starting AuthorControllerIntegrationTests using Java 21.0.1 with PID 86685 (started by kartiksharma in /Users/kartiksharma/Desktop/Learning Spring Boot/JPA)
2023-12-28T13:15:52.837-07:00  INFO 86685 --- [           main] c.k.d.c.AuthorControllerIntegrationTests : No active profile set, falling back to 1 default profile: "default"
2023-12-28T13:15:52.871-07:00  INFO 86685 --- [           main] .s.d.r.c.RepositoryConfigurationDelegate : Bootstrapping Spring Data JPA repositories in DEFAULT mode.
2023-12-28T13:15:52.874-07:00  INFO 86685 --- [           main] .s.d.r.c.RepositoryConfigurationDelegate : Finished Spring Data repository scanning in 2 ms. Found 2 JPA repository interfaces.
2023-12-28T13:15:52.889-07:00  INFO 86685 --- [           main] o.hibernate.jpa.internal.util.LogHelper  : HHH000204: Processing PersistenceUnitInfo [name: default]
2023-12-28T13:15:52.890-07:00  INFO 86685 --- [           main] o.h.c.internal.RegionFactoryInitiator    : HHH000026: Second-level cache disabled
2023-12-28T13:15:52.890-07:00  INFO 86685 --- [           main] o.s.o.j.p.SpringPersistenceUnitInfo      : No LoadTimeWeaver setup: ignoring JPA class transformer
2023-12-28T13:15:52.891-07:00  INFO 86685 --- [           main] com.zaxxer.hikari.HikariDataSource       : HikariPool-22 - Starting...
2023-12-28T13:15:52.908-07:00  INFO 86685 --- [           main] com.zaxxer.hikari.pool.HikariPool        : HikariPool-22 - Added connection org.postgresql.jdbc.PgConnection@33af0cf0
2023-12-28T13:15:52.908-07:00  INFO 86685 --- [           main] com.zaxxer.hikari.HikariDataSource       : HikariPool-22 - Start completed.
2023-12-28T13:15:52.925-07:00  INFO 86685 --- [           main] o.h.e.t.j.p.i.JtaPlatformInitiator       : HHH000489: No JTA platform available (set 'hibernate.transaction.jta.platform' to enable JTA platform integration)
2023-12-28T13:15:52.954-07:00  INFO 86685 --- [           main] j.LocalContainerEntityManagerFactoryBean : Initialized JPA EntityManagerFactory for persistence unit 'default'
2023-12-28T13:15:52.967-07:00  WARN 86685 --- [           main] JpaBaseConfiguration$JpaWebConfiguration : spring.jpa.open-in-view is enabled by default. Therefore, database queries may be performed during view rendering. Explicitly configure spring.jpa.open-in-view to disable this warning
2023-12-28T13:15:52.986-07:00  INFO 86685 --- [           main] o.s.b.t.m.w.SpringBootMockServletContext : Initializing Spring TestDispatcherServlet ''
2023-12-28T13:15:52.986-07:00  INFO 86685 --- [           main] o.s.t.web.servlet.TestDispatcherServlet  : Initializing Servlet ''
2023-12-28T13:15:52.986-07:00  INFO 86685 --- [           main] o.s.t.web.servlet.TestDispatcherServlet  : Completed initialization in 0 ms
2023-12-28T13:15:52.988-07:00  INFO 86685 --- [           main] c.k.d.c.AuthorControllerIntegrationTests : Started AuthorControllerIntegrationTests in 0.156 seconds (process running for 7.334)

MockHttpServletRequest:
      HTTP Method = GET
      Request URI = /authors/1
       Parameters = {}
          Headers = [Content-Type:"application/json;charset=UTF-8"]
             Body = null
    Session Attrs = {}

Handler:
             Type = com.kartik.database.controllers.AuthorController
           Method = com.kartik.database.controllers.AuthorController#find(Long)

Async:
    Async started = false
     Async result = null

Resolved Exception:
             Type = null

ModelAndView:
        View name = null
             View = null
            Model = null

FlashMap:
       Attributes = null

MockHttpServletResponse:
           Status = 404
    Error message = null
          Headers = []
     Content type = null
             Body = 
    Forwarded URL = null
   Redirected URL = null
          Cookies = []
2023-12-28T13:15:53.001-07:00  INFO 86685 --- [           main] j.LocalContainerEntityManagerFactoryBean : Closing JPA EntityManagerFactory for persistence unit 'default'
2023-12-28T13:15:53.001-07:00  INFO 86685 --- [           main] com.zaxxer.hikari.HikariDataSource       : HikariPool-22 - Shutdown initiated...
2023-12-28T13:15:53.002-07:00  INFO 86685 --- [           main] com.zaxxer.hikari.HikariDataSource       : HikariPool-22 - Shutdown completed.
]]></system-out>
  </testcase>
  <testcase name="testThatFullUpdateAuthorReturnCorrectHTTPStatus200" classname="com.kartik.database.controllers.AuthorControllerIntegrationTests" time="0.008">
    <failure message="Status expected:&lt;200&gt; but was:&lt;404&gt;" type="java.lang.AssertionError"><![CDATA[java.lang.AssertionError: Status expected:<200> but was:<404>
	at org.springframework.test.util.AssertionErrors.fail(AssertionErrors.java:59)
	at org.springframework.test.util.AssertionErrors.assertEquals(AssertionErrors.java:122)
	at org.springframework.test.web.servlet.result.StatusResultMatchers.lambda$matcher$9(StatusResultMatchers.java:637)
	at org.springframework.test.web.servlet.MockMvc$1.andExpect(MockMvc.java:214)
	at com.kartik.database.controllers.AuthorControllerIntegrationTests.testThatFullUpdateAuthorReturnCorrectHTTPStatus200(AuthorControllerIntegrationTests.java:155)
	at java.base/java.lang.reflect.Method.invoke(Method.java:580)
	at java.base/java.util.ArrayList.forEach(ArrayList.java:1596)
	at java.base/java.util.ArrayList.forEach(ArrayList.java:1596)
]]></failure>
    <system-out><![CDATA[
  .   ____          _            __ _ _
 /\\ / ___'_ __ _ _(_)_ __  __ _ \ \ \ \
( ( )\___ | '_ | '_| | '_ \/ _` | \ \ \ \
 \\/  ___)| |_)| | | | | || (_| |  ) ) ) )
  '  |____| .__|_| |_|_| |_\__, | / / / /
 =========|_|==============|___/=/_/_/_/
 :: Spring Boot ::                (v3.2.1)

2023-12-28T13:15:53.008-07:00  INFO 86685 --- [           main] c.k.d.c.AuthorControllerIntegrationTests : Starting AuthorControllerIntegrationTests using Java 21.0.1 with PID 86685 (started by kartiksharma in /Users/kartiksharma/Desktop/Learning Spring Boot/JPA)
2023-12-28T13:15:53.009-07:00  INFO 86685 --- [           main] c.k.d.c.AuthorControllerIntegrationTests : No active profile set, falling back to 1 default profile: "default"
2023-12-28T13:15:53.041-07:00  INFO 86685 --- [           main] .s.d.r.c.RepositoryConfigurationDelegate : Bootstrapping Spring Data JPA repositories in DEFAULT mode.
2023-12-28T13:15:53.043-07:00  INFO 86685 --- [           main] .s.d.r.c.RepositoryConfigurationDelegate : Finished Spring Data repository scanning in 2 ms. Found 2 JPA repository interfaces.
2023-12-28T13:15:53.059-07:00  INFO 86685 --- [           main] o.hibernate.jpa.internal.util.LogHelper  : HHH000204: Processing PersistenceUnitInfo [name: default]
2023-12-28T13:15:53.059-07:00  INFO 86685 --- [           main] o.h.c.internal.RegionFactoryInitiator    : HHH000026: Second-level cache disabled
2023-12-28T13:15:53.060-07:00  INFO 86685 --- [           main] o.s.o.j.p.SpringPersistenceUnitInfo      : No LoadTimeWeaver setup: ignoring JPA class transformer
2023-12-28T13:15:53.060-07:00  INFO 86685 --- [           main] com.zaxxer.hikari.HikariDataSource       : HikariPool-23 - Starting...
2023-12-28T13:15:53.077-07:00  INFO 86685 --- [           main] com.zaxxer.hikari.pool.HikariPool        : HikariPool-23 - Added connection org.postgresql.jdbc.PgConnection@5bfe259b
2023-12-28T13:15:53.077-07:00  INFO 86685 --- [           main] com.zaxxer.hikari.HikariDataSource       : HikariPool-23 - Start completed.
2023-12-28T13:15:53.095-07:00  INFO 86685 --- [           main] o.h.e.t.j.p.i.JtaPlatformInitiator       : HHH000489: No JTA platform available (set 'hibernate.transaction.jta.platform' to enable JTA platform integration)
2023-12-28T13:15:53.116-07:00  INFO 86685 --- [           main] j.LocalContainerEntityManagerFactoryBean : Initialized JPA EntityManagerFactory for persistence unit 'default'
2023-12-28T13:15:53.129-07:00  WARN 86685 --- [           main] JpaBaseConfiguration$JpaWebConfiguration : spring.jpa.open-in-view is enabled by default. Therefore, database queries may be performed during view rendering. Explicitly configure spring.jpa.open-in-view to disable this warning
2023-12-28T13:15:53.150-07:00  INFO 86685 --- [           main] o.s.b.t.m.w.SpringBootMockServletContext : Initializing Spring TestDispatcherServlet ''
2023-12-28T13:15:53.150-07:00  INFO 86685 --- [           main] o.s.t.web.servlet.TestDispatcherServlet  : Initializing Servlet ''
2023-12-28T13:15:53.150-07:00  INFO 86685 --- [           main] o.s.t.web.servlet.TestDispatcherServlet  : Completed initialization in 0 ms
2023-12-28T13:15:53.152-07:00  INFO 86685 --- [           main] c.k.d.c.AuthorControllerIntegrationTests : Started AuthorControllerIntegrationTests in 0.149 seconds (process running for 7.498)

MockHttpServletRequest:
      HTTP Method = PUT
      Request URI = /authors/1
       Parameters = {}
          Headers = [Content-Type:"application/json;charset=UTF-8", Content-Length:"40"]
             Body = {"id":1,"name":"Abiligal Rose","age":80}
    Session Attrs = {}

Handler:
             Type = com.kartik.database.controllers.AuthorController
           Method = com.kartik.database.controllers.AuthorController#fullUpdateAuthor(Long, AuthorDto)

Async:
    Async started = false
     Async result = null

Resolved Exception:
             Type = null

ModelAndView:
        View name = null
             View = null
            Model = null

FlashMap:
       Attributes = null

MockHttpServletResponse:
           Status = 404
    Error message = null
          Headers = []
     Content type = null
             Body = 
    Forwarded URL = null
   Redirected URL = null
          Cookies = []
2023-12-28T13:15:53.160-07:00  INFO 86685 --- [           main] j.LocalContainerEntityManagerFactoryBean : Closing JPA EntityManagerFactory for persistence unit 'default'
2023-12-28T13:15:53.161-07:00  INFO 86685 --- [           main] com.zaxxer.hikari.HikariDataSource       : HikariPool-23 - Shutdown initiated...
2023-12-28T13:15:53.161-07:00  INFO 86685 --- [           main] com.zaxxer.hikari.HikariDataSource       : HikariPool-23 - Shutdown completed.
]]></system-out>
  </testcase>
  <testcase name="testThatGetAuthorsReturnsSuccessfulAuthor404WhenAuthorNotFound" classname="com.kartik.database.controllers.AuthorControllerIntegrationTests" time="0.007">
    <system-out><![CDATA[
  .   ____          _            __ _ _
 /\\ / ___'_ __ _ _(_)_ __  __ _ \ \ \ \
( ( )\___ | '_ | '_| | '_ \/ _` | \ \ \ \
 \\/  ___)| |_)| | | | | || (_| |  ) ) ) )
  '  |____| .__|_| |_|_| |_\__, | / / / /
 =========|_|==============|___/=/_/_/_/
 :: Spring Boot ::                (v3.2.1)

2023-12-28T13:15:53.167-07:00  INFO 86685 --- [           main] c.k.d.c.AuthorControllerIntegrationTests : Starting AuthorControllerIntegrationTests using Java 21.0.1 with PID 86685 (started by kartiksharma in /Users/kartiksharma/Desktop/Learning Spring Boot/JPA)
2023-12-28T13:15:53.167-07:00  INFO 86685 --- [           main] c.k.d.c.AuthorControllerIntegrationTests : No active profile set, falling back to 1 default profile: "default"
2023-12-28T13:15:53.196-07:00  INFO 86685 --- [           main] .s.d.r.c.RepositoryConfigurationDelegate : Bootstrapping Spring Data JPA repositories in DEFAULT mode.
2023-12-28T13:15:53.199-07:00  INFO 86685 --- [           main] .s.d.r.c.RepositoryConfigurationDelegate : Finished Spring Data repository scanning in 2 ms. Found 2 JPA repository interfaces.
2023-12-28T13:15:53.212-07:00  INFO 86685 --- [           main] o.hibernate.jpa.internal.util.LogHelper  : HHH000204: Processing PersistenceUnitInfo [name: default]
2023-12-28T13:15:53.213-07:00  INFO 86685 --- [           main] o.h.c.internal.RegionFactoryInitiator    : HHH000026: Second-level cache disabled
2023-12-28T13:15:53.214-07:00  INFO 86685 --- [           main] o.s.o.j.p.SpringPersistenceUnitInfo      : No LoadTimeWeaver setup: ignoring JPA class transformer
2023-12-28T13:15:53.214-07:00  INFO 86685 --- [           main] com.zaxxer.hikari.HikariDataSource       : HikariPool-24 - Starting...
2023-12-28T13:15:53.229-07:00  INFO 86685 --- [           main] com.zaxxer.hikari.pool.HikariPool        : HikariPool-24 - Added connection org.postgresql.jdbc.PgConnection@317d3cba
2023-12-28T13:15:53.229-07:00  INFO 86685 --- [           main] com.zaxxer.hikari.HikariDataSource       : HikariPool-24 - Start completed.
2023-12-28T13:15:53.246-07:00  INFO 86685 --- [           main] o.h.e.t.j.p.i.JtaPlatformInitiator       : HHH000489: No JTA platform available (set 'hibernate.transaction.jta.platform' to enable JTA platform integration)
2023-12-28T13:15:53.267-07:00  INFO 86685 --- [           main] j.LocalContainerEntityManagerFactoryBean : Initialized JPA EntityManagerFactory for persistence unit 'default'
2023-12-28T13:15:53.280-07:00  WARN 86685 --- [           main] JpaBaseConfiguration$JpaWebConfiguration : spring.jpa.open-in-view is enabled by default. Therefore, database queries may be performed during view rendering. Explicitly configure spring.jpa.open-in-view to disable this warning
2023-12-28T13:15:53.297-07:00  INFO 86685 --- [           main] o.s.b.t.m.w.SpringBootMockServletContext : Initializing Spring TestDispatcherServlet ''
2023-12-28T13:15:53.297-07:00  INFO 86685 --- [           main] o.s.t.web.servlet.TestDispatcherServlet  : Initializing Servlet ''
2023-12-28T13:15:53.298-07:00  INFO 86685 --- [           main] o.s.t.web.servlet.TestDispatcherServlet  : Completed initialization in 1 ms
2023-12-28T13:15:53.299-07:00  INFO 86685 --- [           main] c.k.d.c.AuthorControllerIntegrationTests : Started AuthorControllerIntegrationTests in 0.137 seconds (process running for 7.645)
2023-12-28T13:15:53.307-07:00  INFO 86685 --- [           main] j.LocalContainerEntityManagerFactoryBean : Closing JPA EntityManagerFactory for persistence unit 'default'
2023-12-28T13:15:53.307-07:00  INFO 86685 --- [           main] com.zaxxer.hikari.HikariDataSource       : HikariPool-24 - Shutdown initiated...
2023-12-28T13:15:53.307-07:00  INFO 86685 --- [           main] com.zaxxer.hikari.HikariDataSource       : HikariPool-24 - Shutdown completed.
]]></system-out>
  </testcase>
  <testcase name="testThatCreateAuthorReturnsSuccessfulSavedAuthor" classname="com.kartik.database.controllers.AuthorControllerIntegrationTests" time="0.011">
    <system-out><![CDATA[
  .   ____          _            __ _ _
 /\\ / ___'_ __ _ _(_)_ __  __ _ \ \ \ \
( ( )\___ | '_ | '_| | '_ \/ _` | \ \ \ \
 \\/  ___)| |_)| | | | | || (_| |  ) ) ) )
  '  |____| .__|_| |_|_| |_\__, | / / / /
 =========|_|==============|___/=/_/_/_/
 :: Spring Boot ::                (v3.2.1)

2023-12-28T13:15:53.312-07:00  INFO 86685 --- [           main] c.k.d.c.AuthorControllerIntegrationTests : Starting AuthorControllerIntegrationTests using Java 21.0.1 with PID 86685 (started by kartiksharma in /Users/kartiksharma/Desktop/Learning Spring Boot/JPA)
2023-12-28T13:15:53.312-07:00  INFO 86685 --- [           main] c.k.d.c.AuthorControllerIntegrationTests : No active profile set, falling back to 1 default profile: "default"
2023-12-28T13:15:53.341-07:00  INFO 86685 --- [           main] .s.d.r.c.RepositoryConfigurationDelegate : Bootstrapping Spring Data JPA repositories in DEFAULT mode.
2023-12-28T13:15:53.344-07:00  INFO 86685 --- [           main] .s.d.r.c.RepositoryConfigurationDelegate : Finished Spring Data repository scanning in 2 ms. Found 2 JPA repository interfaces.
2023-12-28T13:15:53.362-07:00  INFO 86685 --- [           main] o.hibernate.jpa.internal.util.LogHelper  : HHH000204: Processing PersistenceUnitInfo [name: default]
2023-12-28T13:15:53.363-07:00  INFO 86685 --- [           main] o.h.c.internal.RegionFactoryInitiator    : HHH000026: Second-level cache disabled
2023-12-28T13:15:53.363-07:00  INFO 86685 --- [           main] o.s.o.j.p.SpringPersistenceUnitInfo      : No LoadTimeWeaver setup: ignoring JPA class transformer
2023-12-28T13:15:53.364-07:00  INFO 86685 --- [           main] com.zaxxer.hikari.HikariDataSource       : HikariPool-25 - Starting...
2023-12-28T13:15:53.385-07:00  INFO 86685 --- [           main] com.zaxxer.hikari.pool.HikariPool        : HikariPool-25 - Added connection org.postgresql.jdbc.PgConnection@7a72e18d
2023-12-28T13:15:53.385-07:00  INFO 86685 --- [           main] com.zaxxer.hikari.HikariDataSource       : HikariPool-25 - Start completed.
2023-12-28T13:15:53.402-07:00  INFO 86685 --- [           main] o.h.e.t.j.p.i.JtaPlatformInitiator       : HHH000489: No JTA platform available (set 'hibernate.transaction.jta.platform' to enable JTA platform integration)
2023-12-28T13:15:53.423-07:00  INFO 86685 --- [           main] j.LocalContainerEntityManagerFactoryBean : Initialized JPA EntityManagerFactory for persistence unit 'default'
2023-12-28T13:15:53.436-07:00  WARN 86685 --- [           main] JpaBaseConfiguration$JpaWebConfiguration : spring.jpa.open-in-view is enabled by default. Therefore, database queries may be performed during view rendering. Explicitly configure spring.jpa.open-in-view to disable this warning
2023-12-28T13:15:53.453-07:00  INFO 86685 --- [           main] o.s.b.t.m.w.SpringBootMockServletContext : Initializing Spring TestDispatcherServlet ''
2023-12-28T13:15:53.453-07:00  INFO 86685 --- [           main] o.s.t.web.servlet.TestDispatcherServlet  : Initializing Servlet ''
2023-12-28T13:15:53.453-07:00  INFO 86685 --- [           main] o.s.t.web.servlet.TestDispatcherServlet  : Completed initialization in 0 ms
2023-12-28T13:15:53.455-07:00  INFO 86685 --- [           main] c.k.d.c.AuthorControllerIntegrationTests : Started AuthorControllerIntegrationTests in 0.147 seconds (process running for 7.801)
2023-12-28T13:15:53.466-07:00  INFO 86685 --- [           main] j.LocalContainerEntityManagerFactoryBean : Closing JPA EntityManagerFactory for persistence unit 'default'
2023-12-28T13:15:53.466-07:00  INFO 86685 --- [           main] com.zaxxer.hikari.HikariDataSource       : HikariPool-25 - Shutdown initiated...
2023-12-28T13:15:53.466-07:00  INFO 86685 --- [           main] com.zaxxer.hikari.HikariDataSource       : HikariPool-25 - Shutdown completed.
]]></system-out>
  </testcase>
  <testcase name="testThatGetAuthorsReturnsSuccessfulSavedAuthor" classname="com.kartik.database.controllers.AuthorControllerIntegrationTests" time="0.009">
    <system-out><![CDATA[
  .   ____          _            __ _ _
 /\\ / ___'_ __ _ _(_)_ __  __ _ \ \ \ \
( ( )\___ | '_ | '_| | '_ \/ _` | \ \ \ \
 \\/  ___)| |_)| | | | | || (_| |  ) ) ) )
  '  |____| .__|_| |_|_| |_\__, | / / / /
 =========|_|==============|___/=/_/_/_/
 :: Spring Boot ::                (v3.2.1)

2023-12-28T13:15:53.472-07:00  INFO 86685 --- [           main] c.k.d.c.AuthorControllerIntegrationTests : Starting AuthorControllerIntegrationTests using Java 21.0.1 with PID 86685 (started by kartiksharma in /Users/kartiksharma/Desktop/Learning Spring Boot/JPA)
2023-12-28T13:15:53.472-07:00  INFO 86685 --- [           main] c.k.d.c.AuthorControllerIntegrationTests : No active profile set, falling back to 1 default profile: "default"
2023-12-28T13:15:53.503-07:00  INFO 86685 --- [           main] .s.d.r.c.RepositoryConfigurationDelegate : Bootstrapping Spring Data JPA repositories in DEFAULT mode.
2023-12-28T13:15:53.507-07:00  INFO 86685 --- [           main] .s.d.r.c.RepositoryConfigurationDelegate : Finished Spring Data repository scanning in 3 ms. Found 2 JPA repository interfaces.
2023-12-28T13:15:53.524-07:00  INFO 86685 --- [           main] o.hibernate.jpa.internal.util.LogHelper  : HHH000204: Processing PersistenceUnitInfo [name: default]
2023-12-28T13:15:53.524-07:00  INFO 86685 --- [           main] o.h.c.internal.RegionFactoryInitiator    : HHH000026: Second-level cache disabled
2023-12-28T13:15:53.525-07:00  INFO 86685 --- [           main] o.s.o.j.p.SpringPersistenceUnitInfo      : No LoadTimeWeaver setup: ignoring JPA class transformer
2023-12-28T13:15:53.525-07:00  INFO 86685 --- [           main] com.zaxxer.hikari.HikariDataSource       : HikariPool-26 - Starting...
2023-12-28T13:15:53.542-07:00  INFO 86685 --- [           main] com.zaxxer.hikari.pool.HikariPool        : HikariPool-26 - Added connection org.postgresql.jdbc.PgConnection@b66d2f8
2023-12-28T13:15:53.543-07:00  INFO 86685 --- [           main] com.zaxxer.hikari.HikariDataSource       : HikariPool-26 - Start completed.
2023-12-28T13:15:53.560-07:00  INFO 86685 --- [           main] o.h.e.t.j.p.i.JtaPlatformInitiator       : HHH000489: No JTA platform available (set 'hibernate.transaction.jta.platform' to enable JTA platform integration)
2023-12-28T13:15:53.583-07:00  INFO 86685 --- [           main] j.LocalContainerEntityManagerFactoryBean : Initialized JPA EntityManagerFactory for persistence unit 'default'
2023-12-28T13:15:53.597-07:00  WARN 86685 --- [           main] JpaBaseConfiguration$JpaWebConfiguration : spring.jpa.open-in-view is enabled by default. Therefore, database queries may be performed during view rendering. Explicitly configure spring.jpa.open-in-view to disable this warning
2023-12-28T13:15:53.614-07:00  INFO 86685 --- [           main] o.s.b.t.m.w.SpringBootMockServletContext : Initializing Spring TestDispatcherServlet ''
2023-12-28T13:15:53.614-07:00  INFO 86685 --- [           main] o.s.t.web.servlet.TestDispatcherServlet  : Initializing Servlet ''
2023-12-28T13:15:53.614-07:00  INFO 86685 --- [           main] o.s.t.web.servlet.TestDispatcherServlet  : Completed initialization in 0 ms
2023-12-28T13:15:53.616-07:00  INFO 86685 --- [           main] c.k.d.c.AuthorControllerIntegrationTests : Started AuthorControllerIntegrationTests in 0.149 seconds (process running for 7.962)
2023-12-28T13:15:53.625-07:00  INFO 86685 --- [           main] j.LocalContainerEntityManagerFactoryBean : Closing JPA EntityManagerFactory for persistence unit 'default'
2023-12-28T13:15:53.625-07:00  INFO 86685 --- [           main] com.zaxxer.hikari.HikariDataSource       : HikariPool-26 - Shutdown initiated...
2023-12-28T13:15:53.625-07:00  INFO 86685 --- [           main] com.zaxxer.hikari.HikariDataSource       : HikariPool-26 - Shutdown completed.
]]></system-out>
  </testcase>
  <testcase name="testThatCreateAuthorReturnsSuccessfulHttp201Created" classname="com.kartik.database.controllers.AuthorControllerIntegrationTests" time="0.012">
    <system-out><![CDATA[
  .   ____          _            __ _ _
 /\\ / ___'_ __ _ _(_)_ __  __ _ \ \ \ \
( ( )\___ | '_ | '_| | '_ \/ _` | \ \ \ \
 \\/  ___)| |_)| | | | | || (_| |  ) ) ) )
  '  |____| .__|_| |_|_| |_\__, | / / / /
 =========|_|==============|___/=/_/_/_/
 :: Spring Boot ::                (v3.2.1)

2023-12-28T13:15:53.630-07:00  INFO 86685 --- [           main] c.k.d.c.AuthorControllerIntegrationTests : Starting AuthorControllerIntegrationTests using Java 21.0.1 with PID 86685 (started by kartiksharma in /Users/kartiksharma/Desktop/Learning Spring Boot/JPA)
2023-12-28T13:15:53.630-07:00  INFO 86685 --- [           main] c.k.d.c.AuthorControllerIntegrationTests : No active profile set, falling back to 1 default profile: "default"
2023-12-28T13:15:53.660-07:00  INFO 86685 --- [           main] .s.d.r.c.RepositoryConfigurationDelegate : Bootstrapping Spring Data JPA repositories in DEFAULT mode.
2023-12-28T13:15:53.663-07:00  INFO 86685 --- [           main] .s.d.r.c.RepositoryConfigurationDelegate : Finished Spring Data repository scanning in 2 ms. Found 2 JPA repository interfaces.
2023-12-28T13:15:53.676-07:00  INFO 86685 --- [           main] o.hibernate.jpa.internal.util.LogHelper  : HHH000204: Processing PersistenceUnitInfo [name: default]
2023-12-28T13:15:53.677-07:00  INFO 86685 --- [           main] o.h.c.internal.RegionFactoryInitiator    : HHH000026: Second-level cache disabled
2023-12-28T13:15:53.678-07:00  INFO 86685 --- [           main] o.s.o.j.p.SpringPersistenceUnitInfo      : No LoadTimeWeaver setup: ignoring JPA class transformer
2023-12-28T13:15:53.678-07:00  INFO 86685 --- [           main] com.zaxxer.hikari.HikariDataSource       : HikariPool-27 - Starting...
2023-12-28T13:15:53.694-07:00  INFO 86685 --- [           main] com.zaxxer.hikari.pool.HikariPool        : HikariPool-27 - Added connection org.postgresql.jdbc.PgConnection@2cf67223
2023-12-28T13:15:53.697-07:00  INFO 86685 --- [           main] com.zaxxer.hikari.HikariDataSource       : HikariPool-27 - Start completed.
2023-12-28T13:15:53.714-07:00  INFO 86685 --- [           main] o.h.e.t.j.p.i.JtaPlatformInitiator       : HHH000489: No JTA platform available (set 'hibernate.transaction.jta.platform' to enable JTA platform integration)
2023-12-28T13:15:53.734-07:00  INFO 86685 --- [           main] j.LocalContainerEntityManagerFactoryBean : Initialized JPA EntityManagerFactory for persistence unit 'default'
2023-12-28T13:15:53.747-07:00  WARN 86685 --- [           main] JpaBaseConfiguration$JpaWebConfiguration : spring.jpa.open-in-view is enabled by default. Therefore, database queries may be performed during view rendering. Explicitly configure spring.jpa.open-in-view to disable this warning
2023-12-28T13:15:53.764-07:00  INFO 86685 --- [           main] o.s.b.t.m.w.SpringBootMockServletContext : Initializing Spring TestDispatcherServlet ''
2023-12-28T13:15:53.764-07:00  INFO 86685 --- [           main] o.s.t.web.servlet.TestDispatcherServlet  : Initializing Servlet ''
2023-12-28T13:15:53.764-07:00  INFO 86685 --- [           main] o.s.t.web.servlet.TestDispatcherServlet  : Completed initialization in 0 ms
2023-12-28T13:15:53.766-07:00  INFO 86685 --- [           main] c.k.d.c.AuthorControllerIntegrationTests : Started AuthorControllerIntegrationTests in 0.14 seconds (process running for 8.112)
2023-12-28T13:15:53.777-07:00  INFO 86685 --- [           main] j.LocalContainerEntityManagerFactoryBean : Closing JPA EntityManagerFactory for persistence unit 'default'
2023-12-28T13:15:53.777-07:00  INFO 86685 --- [           main] com.zaxxer.hikari.HikariDataSource       : HikariPool-27 - Shutdown initiated...
2023-12-28T13:15:53.778-07:00  INFO 86685 --- [           main] com.zaxxer.hikari.HikariDataSource       : HikariPool-27 - Shutdown completed.
]]></system-out>
  </testcase>
  <testcase name="testThatFullUpdateAuthorReturnCorrectHTTPStatus404WhenNoneExists" classname="com.kartik.database.controllers.AuthorControllerIntegrationTests" time="0.008">
    <system-out><![CDATA[
  .   ____          _            __ _ _
 /\\ / ___'_ __ _ _(_)_ __  __ _ \ \ \ \
( ( )\___ | '_ | '_| | '_ \/ _` | \ \ \ \
 \\/  ___)| |_)| | | | | || (_| |  ) ) ) )
  '  |____| .__|_| |_|_| |_\__, | / / / /
 =========|_|==============|___/=/_/_/_/
 :: Spring Boot ::                (v3.2.1)

2023-12-28T13:15:53.783-07:00  INFO 86685 --- [           main] c.k.d.c.AuthorControllerIntegrationTests : Starting AuthorControllerIntegrationTests using Java 21.0.1 with PID 86685 (started by kartiksharma in /Users/kartiksharma/Desktop/Learning Spring Boot/JPA)
2023-12-28T13:15:53.783-07:00  INFO 86685 --- [           main] c.k.d.c.AuthorControllerIntegrationTests : No active profile set, falling back to 1 default profile: "default"
2023-12-28T13:15:53.813-07:00  INFO 86685 --- [           main] .s.d.r.c.RepositoryConfigurationDelegate : Bootstrapping Spring Data JPA repositories in DEFAULT mode.
2023-12-28T13:15:53.815-07:00  INFO 86685 --- [           main] .s.d.r.c.RepositoryConfigurationDelegate : Finished Spring Data repository scanning in 2 ms. Found 2 JPA repository interfaces.
2023-12-28T13:15:53.829-07:00  INFO 86685 --- [           main] o.hibernate.jpa.internal.util.LogHelper  : HHH000204: Processing PersistenceUnitInfo [name: default]
2023-12-28T13:15:53.829-07:00  INFO 86685 --- [           main] o.h.c.internal.RegionFactoryInitiator    : HHH000026: Second-level cache disabled
2023-12-28T13:15:53.830-07:00  INFO 86685 --- [           main] o.s.o.j.p.SpringPersistenceUnitInfo      : No LoadTimeWeaver setup: ignoring JPA class transformer
2023-12-28T13:15:53.830-07:00  INFO 86685 --- [           main] com.zaxxer.hikari.HikariDataSource       : HikariPool-28 - Starting...
2023-12-28T13:15:53.846-07:00  INFO 86685 --- [           main] com.zaxxer.hikari.pool.HikariPool        : HikariPool-28 - Added connection org.postgresql.jdbc.PgConnection@47c90baa
2023-12-28T13:15:53.846-07:00  INFO 86685 --- [           main] com.zaxxer.hikari.HikariDataSource       : HikariPool-28 - Start completed.
2023-12-28T13:15:53.869-07:00  INFO 86685 --- [           main] o.h.e.t.j.p.i.JtaPlatformInitiator       : HHH000489: No JTA platform available (set 'hibernate.transaction.jta.platform' to enable JTA platform integration)
2023-12-28T13:15:53.889-07:00  INFO 86685 --- [           main] j.LocalContainerEntityManagerFactoryBean : Initialized JPA EntityManagerFactory for persistence unit 'default'
2023-12-28T13:15:53.902-07:00  WARN 86685 --- [           main] JpaBaseConfiguration$JpaWebConfiguration : spring.jpa.open-in-view is enabled by default. Therefore, database queries may be performed during view rendering. Explicitly configure spring.jpa.open-in-view to disable this warning
2023-12-28T13:15:53.917-07:00  INFO 86685 --- [           main] o.s.b.t.m.w.SpringBootMockServletContext : Initializing Spring TestDispatcherServlet ''
2023-12-28T13:15:53.917-07:00  INFO 86685 --- [           main] o.s.t.web.servlet.TestDispatcherServlet  : Initializing Servlet ''
2023-12-28T13:15:53.918-07:00  INFO 86685 --- [           main] o.s.t.web.servlet.TestDispatcherServlet  : Completed initialization in 1 ms
2023-12-28T13:15:53.919-07:00  INFO 86685 --- [           main] c.k.d.c.AuthorControllerIntegrationTests : Started AuthorControllerIntegrationTests in 0.14 seconds (process running for 8.265)
2023-12-28T13:15:53.927-07:00  INFO 86685 --- [           main] j.LocalContainerEntityManagerFactoryBean : Closing JPA EntityManagerFactory for persistence unit 'default'
2023-12-28T13:15:53.927-07:00  INFO 86685 --- [           main] com.zaxxer.hikari.HikariDataSource       : HikariPool-28 - Shutdown initiated...
2023-12-28T13:15:53.928-07:00  INFO 86685 --- [           main] com.zaxxer.hikari.HikariDataSource       : HikariPool-28 - Shutdown completed.
]]></system-out>
  </testcase>
  <testcase name="testThatGetAuthorsReturnsSuccessfulAuthor200" classname="com.kartik.database.controllers.AuthorControllerIntegrationTests" time="0.007">
    <failure message="Status expected:&lt;200&gt; but was:&lt;404&gt;" type="java.lang.AssertionError"><![CDATA[java.lang.AssertionError: Status expected:<200> but was:<404>
	at org.springframework.test.util.AssertionErrors.fail(AssertionErrors.java:59)
	at org.springframework.test.util.AssertionErrors.assertEquals(AssertionErrors.java:122)
	at org.springframework.test.web.servlet.result.StatusResultMatchers.lambda$matcher$9(StatusResultMatchers.java:637)
	at org.springframework.test.web.servlet.MockMvc$1.andExpect(MockMvc.java:214)
	at com.kartik.database.controllers.AuthorControllerIntegrationTests.testThatGetAuthorsReturnsSuccessfulAuthor200(AuthorControllerIntegrationTests.java:113)
	at java.base/java.lang.reflect.Method.invoke(Method.java:580)
	at java.base/java.util.ArrayList.forEach(ArrayList.java:1596)
	at java.base/java.util.ArrayList.forEach(ArrayList.java:1596)
]]></failure>
    <system-out><![CDATA[
  .   ____          _            __ _ _
 /\\ / ___'_ __ _ _(_)_ __  __ _ \ \ \ \
( ( )\___ | '_ | '_| | '_ \/ _` | \ \ \ \
 \\/  ___)| |_)| | | | | || (_| |  ) ) ) )
  '  |____| .__|_| |_|_| |_\__, | / / / /
 =========|_|==============|___/=/_/_/_/
 :: Spring Boot ::                (v3.2.1)

2023-12-28T13:15:53.932-07:00  INFO 86685 --- [           main] c.k.d.c.AuthorControllerIntegrationTests : Starting AuthorControllerIntegrationTests using Java 21.0.1 with PID 86685 (started by kartiksharma in /Users/kartiksharma/Desktop/Learning Spring Boot/JPA)
2023-12-28T13:15:53.932-07:00  INFO 86685 --- [           main] c.k.d.c.AuthorControllerIntegrationTests : No active profile set, falling back to 1 default profile: "default"
2023-12-28T13:15:53.960-07:00  INFO 86685 --- [           main] .s.d.r.c.RepositoryConfigurationDelegate : Bootstrapping Spring Data JPA repositories in DEFAULT mode.
2023-12-28T13:15:53.963-07:00  INFO 86685 --- [           main] .s.d.r.c.RepositoryConfigurationDelegate : Finished Spring Data repository scanning in 2 ms. Found 2 JPA repository interfaces.
2023-12-28T13:15:53.977-07:00  INFO 86685 --- [           main] o.hibernate.jpa.internal.util.LogHelper  : HHH000204: Processing PersistenceUnitInfo [name: default]
2023-12-28T13:15:53.977-07:00  INFO 86685 --- [           main] o.h.c.internal.RegionFactoryInitiator    : HHH000026: Second-level cache disabled
2023-12-28T13:15:53.978-07:00  INFO 86685 --- [           main] o.s.o.j.p.SpringPersistenceUnitInfo      : No LoadTimeWeaver setup: ignoring JPA class transformer
2023-12-28T13:15:53.978-07:00  INFO 86685 --- [           main] com.zaxxer.hikari.HikariDataSource       : HikariPool-29 - Starting...
2023-12-28T13:15:53.995-07:00  INFO 86685 --- [           main] com.zaxxer.hikari.pool.HikariPool        : HikariPool-29 - Added connection org.postgresql.jdbc.PgConnection@6e2becc2
2023-12-28T13:15:53.996-07:00  INFO 86685 --- [           main] com.zaxxer.hikari.HikariDataSource       : HikariPool-29 - Start completed.
2023-12-28T13:15:54.016-07:00  INFO 86685 --- [           main] o.h.e.t.j.p.i.JtaPlatformInitiator       : HHH000489: No JTA platform available (set 'hibernate.transaction.jta.platform' to enable JTA platform integration)
2023-12-28T13:15:54.038-07:00  INFO 86685 --- [           main] j.LocalContainerEntityManagerFactoryBean : Initialized JPA EntityManagerFactory for persistence unit 'default'
2023-12-28T13:15:54.050-07:00  WARN 86685 --- [           main] JpaBaseConfiguration$JpaWebConfiguration : spring.jpa.open-in-view is enabled by default. Therefore, database queries may be performed during view rendering. Explicitly configure spring.jpa.open-in-view to disable this warning
2023-12-28T13:15:54.066-07:00  INFO 86685 --- [           main] o.s.b.t.m.w.SpringBootMockServletContext : Initializing Spring TestDispatcherServlet ''
2023-12-28T13:15:54.066-07:00  INFO 86685 --- [           main] o.s.t.web.servlet.TestDispatcherServlet  : Initializing Servlet ''
2023-12-28T13:15:54.066-07:00  INFO 86685 --- [           main] o.s.t.web.servlet.TestDispatcherServlet  : Completed initialization in 0 ms
2023-12-28T13:15:54.067-07:00  INFO 86685 --- [           main] c.k.d.c.AuthorControllerIntegrationTests : Started AuthorControllerIntegrationTests in 0.139 seconds (process running for 8.413)

MockHttpServletRequest:
      HTTP Method = GET
      Request URI = /authors/1
       Parameters = {}
          Headers = [Content-Type:"application/json;charset=UTF-8"]
             Body = null
    Session Attrs = {}

Handler:
             Type = com.kartik.database.controllers.AuthorController
           Method = com.kartik.database.controllers.AuthorController#find(Long)

Async:
    Async started = false
     Async result = null

Resolved Exception:
             Type = null

ModelAndView:
        View name = null
             View = null
            Model = null

FlashMap:
       Attributes = null

MockHttpServletResponse:
           Status = 404
    Error message = null
          Headers = []
     Content type = null
             Body = 
    Forwarded URL = null
   Redirected URL = null
          Cookies = []
2023-12-28T13:15:54.074-07:00  INFO 86685 --- [           main] j.LocalContainerEntityManagerFactoryBean : Closing JPA EntityManagerFactory for persistence unit 'default'
2023-12-28T13:15:54.074-07:00  INFO 86685 --- [           main] com.zaxxer.hikari.HikariDataSource       : HikariPool-29 - Shutdown initiated...
2023-12-28T13:15:54.075-07:00  INFO 86685 --- [           main] com.zaxxer.hikari.HikariDataSource       : HikariPool-29 - Shutdown completed.
]]></system-out>
  </testcase>
</testsuite>